-------------------------------------------------------------------------------
Test set: mx.edu.uacm.progweb.evaluacionanonima.controller.UsuarioControllerTest
-------------------------------------------------------------------------------
Tests run: 1, Failures: 1, Errors: 0, Skipped: 0, Time elapsed: 0.363 s <<< FAILURE! - in mx.edu.uacm.progweb.evaluacionanonima.controller.UsuarioControllerTest
debeLogin  Time elapsed: 0.361 s  <<< FAILURE!
java.lang.AssertionError: Redirected URL expected:</home> but was:</login>
	at mx.edu.uacm.progweb.evaluacionanonima.controller.UsuarioControllerTest.debeLogin(UsuarioControllerTest.java:28)

