<?xml version="1.0" encoding="UTF-8"?>
<testsuite xmlns:xsi="http://www.w3.org/2001/XMLSchema-instance" xsi:noNamespaceSchemaLocation="https://maven.apache.org/surefire/maven-surefire-plugin/xsd/surefire-test-report.xsd" name="mx.edu.uacm.progweb.evaluacionanonima.controller.UsuarioControllerTest" time="0.363" tests="1" errors="0" skipped="0" failures="1">
  <properties>
[...]
</properties>
  <testcase name="debeLogin" classname="mx.edu.uacm.progweb.evaluacionanonima.controller.UsuarioControllerTest" time="0.361">
    <failure message="Redirected URL expected:&lt;/home&gt; but was:&lt;/login&gt;" type="java.lang.AssertionError"><![CDATA[java.lang.AssertionError: Redirected URL expected:</home> but was:</login>
	at mx.edu.uacm.progweb.evaluacionanonima.controller.UsuarioControllerTest.debeLogin(UsuarioControllerTest.java:28)
]]></failure>
    <system-out><![CDATA[2022-01-02 14:34:03.255  INFO 5644 --- [           main] .b.t.c.SpringBootTestContextBootstrapper : Neither @ContextConfiguration nor @ContextHierarchy found for test class [mx.edu.uacm.progweb.evaluacionanonima.controller.UsuarioControllerTest], using SpringBootContextLoader
2022-01-02 14:34:03.257  INFO 5644 --- [           main] o.s.t.c.support.AbstractContextLoader    : Could not detect default resource locations for test class [mx.edu.uacm.progweb.evaluacionanonima.controller.UsuarioControllerTest]: no resource found for suffixes {-context.xml, Context.groovy}.
2022-01-02 14:34:03.268  INFO 5644 --- [           main] .b.t.c.SpringBootTestContextBootstrapper : Loaded default TestExecutionListener class names from location [META-INF/spring.factories]: [org.springframework.boot.test.mock.mockito.MockitoTestExecutionListener, org.springframework.boot.test.mock.mockito.ResetMocksTestExecutionListener, org.springframework.boot.test.autoconfigure.restdocs.RestDocsTestExecutionListener, org.springframework.boot.test.autoconfigure.web.client.MockRestServiceServerResetTestExecutionListener, org.springframework.boot.test.autoconfigure.web.servlet.MockMvcPrintOnlyOnFailureTestExecutionListener, org.springframework.boot.test.autoconfigure.web.servlet.WebDriverTestExecutionListener, org.springframework.boot.test.autoconfigure.webservices.client.MockWebServiceServerTestExecutionListener, org.springframework.test.context.web.ServletTestExecutionListener, org.springframework.test.context.support.DirtiesContextBeforeModesTestExecutionListener, org.springframework.test.context.event.ApplicationEventsTestExecutionListener, org.springframework.test.context.support.DependencyInjectionTestExecutionListener, org.springframework.test.context.support.DirtiesContextTestExecutionListener, org.springframework.test.context.transaction.TransactionalTestExecutionListener, org.springframework.test.context.jdbc.SqlScriptsTestExecutionListener, org.springframework.test.context.event.EventPublishingTestExecutionListener]
2022-01-02 14:34:03.270  INFO 5644 --- [           main] .b.t.c.SpringBootTestContextBootstrapper : Using TestExecutionListeners: [org.springframework.test.context.web.ServletTestExecutionListener@21399e53, org.springframework.test.context.support.DirtiesContextBeforeModesTestExecutionListener@2a6871ad, org.springframework.test.context.event.ApplicationEventsTestExecutionListener@260043d, org.springframework.boot.test.mock.mockito.MockitoTestExecutionListener@3338d29d, org.springframework.boot.test.autoconfigure.SpringBootDependencyInjectionTestExecutionListener@5e1e19af, org.springframework.test.context.support.DirtiesContextTestExecutionListener@3792fed8, org.springframework.test.context.transaction.TransactionalTestExecutionListener@35d145fb, org.springframework.test.context.jdbc.SqlScriptsTestExecutionListener@4088c5e6, org.springframework.test.context.event.EventPublishingTestExecutionListener@6e757f39, org.springframework.boot.test.mock.mockito.ResetMocksTestExecutionListener@4e312811, org.springframework.boot.test.autoconfigure.restdocs.RestDocsTestExecutionListener@71f042b1, org.springframework.boot.test.autoconfigure.web.client.MockRestServiceServerResetTestExecutionListener@77511e9c, org.springframework.boot.test.autoconfigure.web.servlet.MockMvcPrintOnlyOnFailureTestExecutionListener@32182bf8, org.springframework.boot.test.autoconfigure.web.servlet.WebDriverTestExecutionListener@75aeec0a, org.springframework.boot.test.autoconfigure.webservices.client.MockWebServiceServerTestExecutionListener@6b8cdc4]
2022-01-02 14:34:03.336 DEBUG 5644 --- [           main] m.e.u.p.e.c.UsuarioControllerTest        : entrando a logeo
2022-01-02 14:34:03.377 DEBUG 5644 --- [           main] m.e.u.p.e.controller.UsuarioController   : > Entrando al metodo iniciarSesion <
2022-01-02 14:34:03.377 DEBUG 5644 --- [           main] m.e.u.p.e.s.impl.UsuarioServiceImpl      : > Entrando a UsuarioServiceImpl.obtenerUsuarioPorCorreoYContrasenia()
Hibernate: select usuario0_.id as id1_3_, usuario0_.apellido_mat as apellido2_3_, usuario0_.apellido_pat as apellido3_3_, usuario0_.contrasenia as contrase4_3_, usuario0_.correo as correo5_3_, usuario0_.curso_id as curso_id9_3_, usuario0_.matricula as matricul6_3_, usuario0_.nombre as nombre7_3_, usuario0_.rol as rol8_3_ from usuario usuario0_ where usuario0_.correo=?
2022-01-02 14:34:03.724 DEBUG 5644 --- [           main] m.e.u.p.e.s.impl.UsuarioServiceImpl      : usuario recuperado: null

MockHttpServletRequest:
      HTTP Method = POST
      Request URI = /usuario/login
       Parameters = {correo=[sergio@uacm.edu.mx], contrasenia=[1234]}
          Headers = []
             Body = null
    Session Attrs = {}

Handler:
             Type = mx.edu.uacm.progweb.evaluacionanonima.controller.UsuarioController
           Method = mx.edu.uacm.progweb.evaluacionanonima.controller.UsuarioController#iniciarSesion(String, String, Model)

Async:
    Async started = false
     Async result = null

Resolved Exception:
             Type = null

ModelAndView:
        View name = redirect:/login
             View = null
            Model = null

FlashMap:
       Attributes = null

MockHttpServletResponse:
           Status = 302
    Error message = null
          Headers = [Content-Language:"en", Location:"/login"]
     Content type = null
             Body = 
    Forwarded URL = null
   Redirected URL = /login
          Cookies = []
]]></system-out>
  </testcase>
</testsuite>